

Version:	3.50
CmdLine:	C:\Users\Hila\IdeaProjects\Sortwords\Sortwords.exe --l4j-debug
JNI:		No
WOW64:		Yes
Working dir:	C:\Users\Hila\IdeaProjects\Sortwords\.
Requires JDK:	No
Requires 64-Bit: No
Java min ver:	
Java max ver:	
Substitute:	JAVA_HOME = C:\Program Files\Java\jdk-23
Substitute:	PATH = C:\Windows\system32;C:\Windows;C:\Windows\System32\Wbem;C:\Windows\System32\WindowsPowerShell\v1.0\;C:\Windows\System32\OpenSSH\;C:\mvn\apache-maven-3.9.9\\bin;C:\allure\allure-2.33.0\bin;C:\Program Files\Microsoft SQL Server\150\Tools\Binn\;C:\Program Files\Microsoft SQL Server\Client SDK\ODBC\170\Tools\Binn\;C:\Program Files\Java\jdk-23\bin;C:\Users\Hila\AppData\Local\Programs\Python\Launcher\;C:\Users\Hila\AppData\Local\Microsoft\WindowsApps;C:\mvn\apache-maven-3.9.9\bin;;C:\Program Files\Java\jdk-23\bin
JRE paths:	C:\Program Files\Java\jdk-23;C:\Windows\system32;C:\Windows;C:\Windows\System32\Wbem;C:\Windows\System32\WindowsPowerShell\v1.0\;C:\Windows\System32\OpenSSH\;C:\mvn\apache-maven-3.9.9\\bin;C:\allure\allure-2.33.0\bin;C:\Program Files\Microsoft SQL Server\150\Tools\Binn\;C:\Program Files\Microsoft SQL Server\Client SDK\ODBC\170\Tools\Binn\;C:\Program Files\Java\jdk-23\bin;C:\Users\Hila\AppData\Local\Programs\Python\Launcher\;C:\Users\Hila\AppData\Local\Microsoft\WindowsApps;C:\mvn\apache-maven-3.9.9\bin;;C:\Program Files\Java\jdk-23\bin
Check launcher:	C:\Program Files\Java\jdk-23\bin\javaw.exe (OK)
Version string: 1.023.000_002 / 64-Bit (OK)
Launcher:	C:\Program Files\Java\jdk-23\bin\javaw.exe
Launcher args:	-jar "C:\Users\Hila\IdeaProjects\Sortwords\Sortwords.exe"
Args length:	57/32768 chars
Exit code:	0


Version:	3.50
CmdLine:	C:\Users\Hila\IdeaProjects\Sortwords\Sortwords.exe --l4j-debug
JNI:		No
WOW64:		Yes
Working dir:	C:\Users\Hila\IdeaProjects\Sortwords\.
Requires JDK:	No
Requires 64-Bit: No
Java min ver:	
Java max ver:	
Substitute:	JAVA_HOME = C:\Program Files\Java\jdk-23
Substitute:	PATH = C:\Windows\system32;C:\Windows;C:\Windows\System32\Wbem;C:\Windows\System32\WindowsPowerShell\v1.0\;C:\Windows\System32\OpenSSH\;C:\mvn\apache-maven-3.9.9\\bin;C:\allure\allure-2.33.0\bin;C:\Program Files\Microsoft SQL Server\150\Tools\Binn\;C:\Program Files\Microsoft SQL Server\Client SDK\ODBC\170\Tools\Binn\;C:\Program Files\Java\jdk-23\bin;C:\Users\Hila\AppData\Local\Programs\Python\Launcher\;C:\Users\Hila\AppData\Local\Microsoft\WindowsApps;C:\mvn\apache-maven-3.9.9\bin;;C:\Program Files\Java\jdk-23\bin
JRE paths:	C:\Program Files\Java\jdk-23;C:\Windows\system32;C:\Windows;C:\Windows\System32\Wbem;C:\Windows\System32\WindowsPowerShell\v1.0\;C:\Windows\System32\OpenSSH\;C:\mvn\apache-maven-3.9.9\\bin;C:\allure\allure-2.33.0\bin;C:\Program Files\Microsoft SQL Server\150\Tools\Binn\;C:\Program Files\Microsoft SQL Server\Client SDK\ODBC\170\Tools\Binn\;C:\Program Files\Java\jdk-23\bin;C:\Users\Hila\AppData\Local\Programs\Python\Launcher\;C:\Users\Hila\AppData\Local\Microsoft\WindowsApps;C:\mvn\apache-maven-3.9.9\bin;;C:\Program Files\Java\jdk-23\bin
Check launcher:	C:\Program Files\Java\jdk-23\bin\javaw.exe (OK)
Version string: 1.023.000_002 / 64-Bit (OK)
Launcher:	C:\Program Files\Java\jdk-23\bin\javaw.exe
Launcher args:	-jar "C:\Users\Hila\IdeaProjects\Sortwords\Sortwords.exe"
Args length:	57/32768 chars
Exit code:	0


Version:	3.50
CmdLine:	C:\Users\Hila\IdeaProjects\Sortwords\Sortwords.exe --l4j-debug
JNI:		No
WOW64:		Yes
Working dir:	C:\Users\Hila\IdeaProjects\Sortwords\.
Requires JDK:	No
Requires 64-Bit: No
Java min ver:	
Java max ver:	
Substitute:	JAVA_HOME = C:\Program Files\Java\jdk-23
Substitute:	PATH = C:\Windows\system32;C:\Windows;C:\Windows\System32\Wbem;C:\Windows\System32\WindowsPowerShell\v1.0\;C:\Windows\System32\OpenSSH\;C:\mvn\apache-maven-3.9.9\\bin;C:\allure\allure-2.33.0\bin;C:\Program Files\Microsoft SQL Server\150\Tools\Binn\;C:\Program Files\Microsoft SQL Server\Client SDK\ODBC\170\Tools\Binn\;C:\Program Files\Java\jdk-23\bin;C:\Users\Hila\AppData\Local\Programs\Python\Launcher\;C:\Users\Hila\AppData\Local\Microsoft\WindowsApps;C:\mvn\apache-maven-3.9.9\bin;;C:\Program Files\Java\jdk-23\bin
JRE paths:	C:\Program Files\Java\jdk-23;C:\Windows\system32;C:\Windows;C:\Windows\System32\Wbem;C:\Windows\System32\WindowsPowerShell\v1.0\;C:\Windows\System32\OpenSSH\;C:\mvn\apache-maven-3.9.9\\bin;C:\allure\allure-2.33.0\bin;C:\Program Files\Microsoft SQL Server\150\Tools\Binn\;C:\Program Files\Microsoft SQL Server\Client SDK\ODBC\170\Tools\Binn\;C:\Program Files\Java\jdk-23\bin;C:\Users\Hila\AppData\Local\Programs\Python\Launcher\;C:\Users\Hila\AppData\Local\Microsoft\WindowsApps;C:\mvn\apache-maven-3.9.9\bin;;C:\Program Files\Java\jdk-23\bin
Check launcher:	C:\Program Files\Java\jdk-23\bin\javaw.exe (OK)
Version string: 1.023.000_002 / 64-Bit (OK)
Launcher:	C:\Program Files\Java\jdk-23\bin\javaw.exe
Launcher args:	-jar "C:\Users\Hila\IdeaProjects\Sortwords\Sortwords.exe"
Args length:	57/32768 chars
Exit code:	0
